\BOOKMARK [0][-]{chapter*.1}{\376\377\000D\000\351\000d\000i\000c\000a\000c\000e\000s}{}% 1
\BOOKMARK [0][-]{chapter*.2}{\376\377\000R\000e\000m\000e\000r\000c\000i\000e\000m\000e\000n\000t\000s}{}% 2
\BOOKMARK [0][-]{chapter*.3}{\376\377\000R\000\351\000s\000u\000m\000\351}{}% 3
\BOOKMARK [0][-]{chapter*.4}{\376\377\000A\000b\000s\000t\000r\000a\000c\000t}{}% 4
\BOOKMARK [0][-]{chapter*.5}{\376\377\006\105\006\104\006\056\006\065}{}% 5
\BOOKMARK [0][-]{chapter*.6}{\376\377\000L\000i\000s\000t\000e\000\040\000d\000e\000s\000\040\000a\000b\000r\000\351\000v\000i\000a\000t\000i\000o\000n\000s}{}% 6
\BOOKMARK [0][-]{chapter*.11}{\376\377\000I\000n\000t\000r\000o\000d\000u\000c\000t\000i\000o\000n\000\040\000G\000\351\000n\000\351\000r\000a\000l\000e}{}% 7
\BOOKMARK [0][-]{chapter.1}{\376\377\000C\000o\000n\000t\000e\000x\000t\000e\000\040\000g\000\351\000n\000\351\000r\000a\000l\000\040\000d\000u\000\040\000p\000r\000o\000j\000e\000t}{}% 8
\BOOKMARK [1][-]{section.1.1}{\376\377\000P\000r\000\351\000s\000e\000n\000t\000a\000t\000i\000o\000n\000\040\000d\000e\000\040\000l\000'\000o\000r\000g\000a\000n\000i\000s\000m\000e\000\040\000d\000'\000a\000c\000c\000u\000e\000i\000l}{chapter.1}% 9
\BOOKMARK [2][-]{subsection.1.1.1}{\376\377\000F\000i\000c\000h\000e\000\040\000t\000e\000c\000h\000n\000i\000q\000u\000e}{section.1.1}% 10
\BOOKMARK [2][-]{subsection.1.1.2}{\376\377\000P\000r\000\351\000s\000e\000n\000t\000a\000t\000i\000o\000n\000\040\000g\000\351\000n\000\351\000r\000a\000l\000e}{section.1.1}% 11
\BOOKMARK [2][-]{subsection.1.1.3}{\376\377\000S\000e\000c\000t\000e\000u\000r\000\040\000d\000'\000a\000c\000t\000i\000v\000i\000t\000\351}{section.1.1}% 12
\BOOKMARK [2][-]{subsection.1.1.4}{\376\377\000S\000t\000r\000u\000c\000t\000u\000r\000e\000\040\000e\000t\000\040\000o\000r\000g\000a\000n\000i\000s\000a\000t\000i\000o\000n}{section.1.1}% 13
\BOOKMARK [2][-]{subsection.1.1.5}{\376\377\000S\000t\000a\000c\000k\000\040\000t\000e\000c\000h\000n\000i\000q\000u\000e}{section.1.1}% 14
\BOOKMARK [2][-]{subsection.1.1.6}{\376\377\000P\000r\000o\000d\000u\000i\000t\000s}{section.1.1}% 15
\BOOKMARK [2][-]{subsection.1.1.7}{\376\377\000C\000l\000i\000e\000n\000t\000s}{section.1.1}% 16
\BOOKMARK [1][-]{section.1.2}{\376\377\000C\000o\000n\000t\000e\000x\000t\000e\000\040\000e\000t\000\040\000e\000n\000j\000e\000u\000x\000\040\000d\000u\000\040\000p\000r\000o\000j\000e\000t}{chapter.1}% 17
\BOOKMARK [1][-]{section.1.3}{\376\377\000P\000r\000\351\000s\000e\000n\000t\000a\000t\000i\000o\000n\000\040\000d\000u\000\040\000p\000r\000o\000j\000e\000t}{chapter.1}% 18
\BOOKMARK [1][-]{section.1.4}{\376\377\000D\000\351\000r\000o\000u\000l\000e\000m\000e\000n\000t\000\040\000d\000u\000\040\000s\000t\000a\000g\000e}{chapter.1}% 19
\BOOKMARK [0][-]{chapter.2}{\376\377\000P\000r\000o\000b\000l\000\351\000m\000a\000t\000i\000q\000u\000e}{}% 20
\BOOKMARK [1][-]{section.2.1}{\376\377\000C\000r\000i\000t\000i\000q\000u\000e\000\040\000d\000e\000\040\000l\000'\000e\000x\000i\000s\000t\000a\000n\000t}{chapter.2}% 21
\BOOKMARK [1][-]{section.2.2}{\376\377\000M\000o\000t\000i\000v\000a\000t\000i\000o\000n\000\040\000e\000t\000\040\000p\000r\000o\000b\000l\000\351\000m\000a\000t\000i\000q\000u\000e}{chapter.2}% 22
\BOOKMARK [2][-]{subsection.2.2.1}{\376\377\000M\000o\000t\000i\000v\000a\000t\000i\000o\000n}{section.2.2}% 23
\BOOKMARK [2][-]{subsection.2.2.2}{\376\377\000F\000o\000r\000m\000u\000l\000a\000t\000i\000o\000n\000\040\000d\000e\000\040\000l\000a\000\040\000p\000r\000o\000b\000l\000\351\000m\000a\000t\000i\000q\000u\000e}{section.2.2}% 24
\BOOKMARK [2][-]{subsection.2.2.3}{\376\377\000O\000b\000j\000e\000c\000t\000i\000f\000s}{section.2.2}% 25
\BOOKMARK [2][-]{subsection.2.2.4}{\376\377\000C\000o\000n\000t\000r\000a\000i\000n\000t\000e\000s}{section.2.2}% 26
\BOOKMARK [1][-]{section.2.3}{\376\377\000S\000o\000l\000u\000t\000i\000o\000n\000\040\000p\000r\000o\000p\000o\000s\000\351\000e}{chapter.2}% 27
\BOOKMARK [0][-]{chapter.3}{\376\377\000C\000a\000d\000r\000a\000g\000e\000\040\000d\000u\000\040\000b\000e\000s\000o\000i\000n\000\040\000e\000t\000\040\000m\000\351\000t\000h\000o\000d\000o\000l\000o\000g\000i\000e\000\040\000d\000e\000\040\000t\000r\000a\000v\000a\000i\000l}{}% 28
\BOOKMARK [1][-]{section.3.1}{\376\377\000C\000a\000d\000r\000a\000g\000e\000\040\000d\000u\000\040\000b\000e\000s\000o\000i\000n}{chapter.3}% 29
\BOOKMARK [2][-]{subsection.3.1.1}{\376\377\000U\000t\000i\000l\000i\000s\000a\000t\000e\000u\000r\000s\000\040\000c\000i\000b\000l\000e\000s}{section.3.1}% 30
\BOOKMARK [2][-]{subsection.3.1.2}{\376\377\000A\000n\000a\000l\000y\000s\000e\000\040\000d\000e\000s\000\040\000b\000e\000s\000o\000i\000n\000s\000\040\000u\000t\000i\000l\000i\000s\000a\000t\000e\000u\000r\000s}{section.3.1}% 31
\BOOKMARK [2][-]{subsection.3.1.3}{\376\377\000P\000\351\000r\000i\000m\000\350\000t\000r\000e\000\040\000d\000u\000\040\000p\000r\000o\000j\000e\000t}{section.3.1}% 32
\BOOKMARK [1][-]{section.3.2}{\376\377\000P\000r\000i\000o\000r\000i\000s\000a\000t\000i\000o\000n\000\040\000d\000e\000s\000\040\000f\000o\000n\000c\000t\000i\000o\000n\000n\000a\000l\000i\000t\000\351\000s}{chapter.3}% 33
\BOOKMARK [1][-]{section.3.3}{\376\377\000B\000e\000s\000o\000i\000n\000s\000\040\000f\000o\000n\000c\000t\000i\000o\000n\000n\000e\000l\000s\000\040\000e\000t\000\040\000n\000o\000n\000\040\000f\000o\000n\000c\000t\000i\000o\000n\000n\000e\000l\000s}{chapter.3}% 34
\BOOKMARK [2][-]{subsection.3.3.1}{\376\377\000B\000e\000s\000o\000i\000n\000s\000\040\000f\000o\000n\000c\000t\000i\000o\000n\000n\000e\000l\000s}{section.3.3}% 35
\BOOKMARK [2][-]{subsection.3.3.2}{\376\377\000B\000e\000s\000o\000i\000n\000s\000\040\000n\000o\000n\000\040\000f\000o\000n\000c\000t\000i\000o\000n\000n\000e\000l\000s}{section.3.3}% 36
\BOOKMARK [1][-]{section.3.4}{\376\377\000M\000\351\000t\000h\000o\000d\000o\000l\000o\000g\000i\000e\000\040\000d\000e\000\040\000t\000r\000a\000v\000a\000i\000l}{chapter.3}% 37
\BOOKMARK [2][-]{subsection.3.4.1}{\376\377\000M\000\351\000t\000h\000o\000d\000e\000\040\000a\000d\000o\000p\000t\000\351\000e\000\040\000e\000t\000\040\000j\000u\000s\000t\000i\000f\000i\000c\000a\000t\000i\000o\000n}{section.3.4}% 38
\BOOKMARK [2][-]{subsection.3.4.2}{\376\377\000O\000u\000t\000i\000l\000s\000\040\000d\000e\000\040\000g\000e\000s\000t\000i\000o\000n\000\040\000d\000e\000\040\000p\000r\000o\000j\000e\000t}{section.3.4}% 39
\BOOKMARK [2][-]{subsection.3.4.3}{\376\377\000\311\000q\000u\000i\000p\000e\000\040\000p\000r\000o\000j\000e\000t}{section.3.4}% 40
\BOOKMARK [2][-]{subsection.3.4.4}{\376\377\000I\000n\000c\000r\000\351\000m\000e\000n\000t\000s\000\040\000r\000\351\000a\000l\000i\000s\000\351\000s}{section.3.4}% 41
\BOOKMARK [1][-]{section.3.5}{\376\377\000P\000l\000a\000n\000i\000f\000i\000c\000a\000t\000i\000o\000n\000\040\000d\000u\000\040\000p\000r\000o\000j\000e\000t}{chapter.3}% 42
\BOOKMARK [0][-]{chapter.4}{\376\377\000C\000o\000n\000c\000e\000p\000t\000i\000o\000n\000\040\000f\000o\000n\000c\000t\000i\000o\000n\000n\000e\000l\000l\000e}{}% 43
\BOOKMARK [1][-]{section.4.1}{\376\377\000M\000o\000d\000\351\000l\000i\000s\000a\000t\000i\000o\000n\000\040\000d\000u\000\040\000s\000y\000s\000t\000\350\000m\000e}{chapter.4}% 44
\BOOKMARK [2][-]{subsection.4.1.1}{\376\377\000D\000\351\000f\000i\000n\000i\000t\000i\000o\000n\000\040\000d\000'\000U\000M\000L}{section.4.1}% 45
\BOOKMARK [2][-]{subsection.4.1.2}{\376\377\000D\000i\000a\000g\000r\000a\000m\000m\000e\000\040\000d\000e\000\040\000c\000a\000s\000\040\000d\000'\000u\000t\000i\000l\000i\000s\000a\000t\000i\000o\000n}{section.4.1}% 46
\BOOKMARK [2][-]{subsection.4.1.3}{\376\377\000R\000a\000f\000f\000i\000n\000e\000m\000e\000n\000t\000\040\000d\000e\000s\000\040\000c\000a\000s\000\040\000d\000'\000u\000t\000i\000l\000i\000s\000a\000t\000i\000o\000n}{section.4.1}% 47
\BOOKMARK [2][-]{subsection.4.1.4}{\376\377\000D\000i\000a\000g\000r\000a\000m\000m\000e\000s\000\040\000d\000e\000\040\000s\000\351\000q\000u\000e\000n\000c\000e}{section.4.1}% 48
\BOOKMARK [2][-]{subsection.4.1.5}{\376\377\000D\000i\000a\000g\000r\000a\000m\000m\000e\000\040\000d\000e\000\040\000c\000l\000a\000s\000s\000e\000s}{section.4.1}% 49
\BOOKMARK [0][-]{chapter.5}{\376\377\000A\000r\000c\000h\000i\000t\000e\000c\000t\000u\000r\000e\000\040\000t\000e\000c\000h\000n\000i\000q\000u\000e}{}% 50
\BOOKMARK [1][-]{section.5.1}{\376\377\000B\000e\000n\000c\000h\000m\000a\000r\000k\000\040\000d\000e\000s\000\040\000t\000e\000c\000h\000n\000o\000l\000o\000g\000i\000e\000s}{chapter.5}% 51
\BOOKMARK [2][-]{subsection.5.1.1}{\376\377\000O\000u\000t\000i\000l\000\040\000E\000T\000L}{section.5.1}% 52
\BOOKMARK [2][-]{subsection.5.1.2}{\376\377\000A\000g\000e\000n\000t\000\040\000I\000A\000\040\000d\000e\000\040\000g\000\351\000n\000\351\000r\000a\000t\000i\000o\000n\000\040\000d\000e\000\040\000c\000o\000d\000e}{section.5.1}% 53
\BOOKMARK [2][-]{subsection.5.1.3}{\376\377\000S\000t\000a\000c\000k\000\040\000a\000p\000p\000l\000i\000c\000a\000t\000i\000v\000e}{section.5.1}% 54
\BOOKMARK [1][-]{section.5.2}{\376\377\000A\000r\000c\000h\000i\000t\000e\000c\000t\000u\000r\000e\000\040\000g\000l\000o\000b\000a\000l\000e\000\040\000d\000e\000\040\000l\000a\000\040\000s\000o\000l\000u\000t\000i\000o\000n}{chapter.5}% 55
\BOOKMARK [2][-]{subsection.5.2.1}{\376\377\000L\000e\000\040\000m\000a\000n\000i\000f\000e\000s\000t\000e\000\040\000J\000S\000O\000N\000\040\000c\000o\000m\000m\000e\000\040\000a\000r\000t\000e\000f\000a\000c\000t\000\040\000i\000n\000t\000e\000r\000m\000\351\000d\000i\000a\000i\000r\000e}{section.5.2}% 56
\BOOKMARK [2][-]{subsection.5.2.2}{\376\377\000C\000o\000m\000p\000o\000s\000a\000n\000t\000s\000\040\000d\000u\000\040\000s\000y\000s\000t\000\350\000m\000e}{section.5.2}% 57
\BOOKMARK [1][-]{section.5.3}{\376\377\000S\000\351\000c\000u\000r\000i\000t\000\351\000\040\000e\000t\000\040\000c\000o\000n\000f\000o\000r\000m\000i\000t\000\351\000\040\000R\000G\000P\000D}{chapter.5}% 58
\BOOKMARK [2][-]{subsection.5.3.1}{\376\377\000M\000e\000s\000u\000r\000e\000s\000\040\000d\000e\000\040\000s\000\351\000c\000u\000r\000i\000t\000\351\000\040\000a\000c\000t\000u\000e\000l\000l\000e\000s}{section.5.3}% 59
\BOOKMARK [2][-]{subsection.5.3.2}{\376\377\000C\000o\000n\000f\000o\000r\000m\000i\000t\000\351\000\040\000R\000G\000P\000D\000\040\000e\000t\000\040\000d\000o\000n\000n\000\351\000e\000s\000\040\000p\000e\000r\000s\000o\000n\000n\000e\000l\000l\000e\000s}{section.5.3}% 60
\BOOKMARK [0][-]{chapter.6}{\376\377\000I\000m\000p\000l\000\351\000m\000e\000n\000t\000a\000t\000i\000o\000n}{}% 61
\BOOKMARK [1][-]{section.6.1}{\376\377\000E\000n\000v\000i\000r\000o\000n\000n\000e\000m\000e\000n\000t\000\040\000e\000t\000\040\000o\000u\000t\000i\000l\000s\000\040\000d\000e\000\040\000d\000\351\000v\000e\000l\000o\000p\000p\000e\000m\000e\000n\000t}{chapter.6}% 62
\BOOKMARK [1][-]{section.6.2}{\376\377\000P\000r\000\351\000s\000e\000n\000t\000a\000t\000i\000o\000n\000\040\000d\000e\000s\000\040\000r\000\351\000a\000l\000i\000s\000a\000t\000i\000o\000n\000s}{chapter.6}% 63
\BOOKMARK [2][-]{subsection.6.2.1}{\376\377\000P\000i\000p\000e\000l\000i\000n\000e\000s\000\040\000d\000'\000i\000m\000p\000o\000r\000t\000\040\000\050\000A\000p\000a\000c\000h\000e\000\040\000H\000o\000p\000\051}{section.6.2}% 64
\BOOKMARK [2][-]{subsection.6.2.2}{\376\377\000S\000k\000i\000l\000l\000s\000\040\000I\000A}{section.6.2}% 65
\BOOKMARK [2][-]{subsection.6.2.3}{\376\377\000A\000p\000p\000l\000i\000c\000a\000t\000i\000o\000n\000\040\000A\000x\000e\000l\000o\000r\000\040\000M\000a\000p\000p\000e\000r}{section.6.2}% 66
\BOOKMARK [0][-]{chapter.7}{\376\377\000R\000\351\000s\000u\000l\000t\000a\000t\000s}{}% 67
\BOOKMARK [1][-]{section.7.1}{\376\377\000S\000t\000r\000a\000t\000\351\000g\000i\000e\000\040\000d\000e\000\040\000t\000e\000s\000t}{chapter.7}% 68
\BOOKMARK [1][-]{section.7.2}{\376\377\000G\000o\000l\000d\000e\000n\000\040\000d\000a\000t\000a\000s\000e\000t}{chapter.7}% 69
\BOOKMARK [1][-]{section.7.3}{\376\377\000T\000e\000s\000t\000s\000\040\000e\000f\000f\000e\000c\000t\000u\000\351\000s}{chapter.7}% 70
\BOOKMARK [2][-]{subsection.7.3.1}{\376\377\000T\000e\000s\000t\000s\000\040\000d\000'\000i\000m\000p\000o\000r\000t\000\040\000p\000a\000r\000\040\000e\000n\000t\000i\000t\000\351}{section.7.3}% 71
\BOOKMARK [2][-]{subsection.7.3.2}{\376\377\000T\000e\000s\000t\000\040\000d\000e\000\040\000c\000o\000n\000f\000o\000r\000m\000i\000t\000\351\000\040\040\024\000\040\000V\000e\000n\000t\000i\000l\000a\000t\000i\000o\000n\000\040\000d\000e\000s\000\040\000f\000a\000c\000t\000u\000r\000e\000s}{section.7.3}% 72
\BOOKMARK [2][-]{subsection.7.3.3}{\376\377\000T\000e\000s\000t\000\040\000d\000'\000i\000d\000e\000m\000p\000o\000t\000e\000n\000c\000e}{section.7.3}% 73
\BOOKMARK [1][-]{section.7.4}{\376\377\000A\000n\000a\000l\000y\000s\000e\000\040\000d\000e\000s\000\040\000p\000e\000r\000f\000o\000r\000m\000a\000n\000c\000e\000s}{chapter.7}% 74
\BOOKMARK [2][-]{subsection.7.4.1}{\376\377\000P\000r\000o\000t\000o\000c\000o\000l\000e\000\040\000d\000e\000\040\000m\000e\000s\000u\000r\000e}{section.7.4}% 75
\BOOKMARK [2][-]{subsection.7.4.2}{\376\377\000R\000\351\000s\000u\000l\000t\000a\000t\000s\000\040\000d\000u\000\040\000f\000r\000a\000m\000e\000w\000o\000r\000k}{section.7.4}% 76
\BOOKMARK [2][-]{subsection.7.4.3}{\376\377\000C\000o\000m\000p\000a\000r\000a\000i\000s\000o\000n\000\040\000a\000v\000e\000c\000\040\000l\000'\000i\000m\000p\000o\000r\000t\000\040\000n\000a\000t\000i\000f\000\040\000d\000'\000A\000x\000e\000l\000o\000r}{section.7.4}% 77
\BOOKMARK [1][-]{section.7.5}{\376\377\000V\000a\000l\000e\000u\000r\000\040\000a\000j\000o\000u\000t\000\351\000e\000\040\000d\000u\000\040\000p\000r\000o\000j\000e\000t}{chapter.7}% 78
\BOOKMARK [1][-]{section.7.6}{\376\377\000B\000i\000l\000a\000n\000\040\000d\000e\000s\000\040\000r\000\351\000a\000l\000i\000s\000a\000t\000i\000o\000n\000s}{chapter.7}% 79
\BOOKMARK [0][-]{chapter*.127}{\376\377\000C\000o\000n\000c\000l\000u\000s\000i\000o\000n\000\040\000G\000\351\000n\000\351\000r\000a\000l\000e\000\040\000e\000t\000\040\000P\000e\000r\000s\000p\000e\000c\000t\000i\000v\000e\000s}{}% 80
\BOOKMARK [0][-]{chapter*.128}{\376\377\000R\000\351\000f\000\351\000r\000e\000n\000c\000e\000s}{}% 81
\BOOKMARK [0][-]{chapter*.129}{\376\377\000W\000e\000b\000o\000g\000r\000a\000p\000h\000i\000e}{}% 82
